<?xml version="1.0" encoding="UTF-8"?>
<!-- Generated by org.testng.reporters.JUnitReportReporter -->
<testsuite hostname="DESKTOP-FGB939V" failures="0" tests="1" name="Test.LoginTest" time="3.528" errors="0" timestamp="2025-07-07T23:54:35 IST" skipped="0">
  <testcase classname="Test.LoginTest" name="testLoginAndAddToCart" time="3.528"/>
</testsuite> <!-- Test.LoginTest -->
